<?xml version="1.0" encoding="UTF-8"?>
<testsuite name="greeter.GreeterSpec" tests="1" skipped="0" failures="0" errors="0" timestamp="2018-01-22T21:46:03" hostname="Rajiv-Priyanka-Jain-Mac-2.local" time="0.169">
  <properties/>
  <testcase name="Calling the entry point" classname="greeter.GreeterSpec" time="0.169"/>
  <system-out><![CDATA[]]></system-out>
  <system-err><![CDATA[]]></system-err>
</testsuite>
