<?xml version="1.0" encoding="UTF-8"?>
<testsuite name="greeter.GreetingFormatterSpec" tests="1" skipped="0" failures="0" errors="0" timestamp="2018-01-22T21:29:42" hostname="Rajiv-Priyanka-Jain-Mac-2.local" time="0.083">
  <properties/>
  <testcase name="Creating a greeting" classname="greeter.GreetingFormatterSpec" time="0.083"/>
  <system-out><![CDATA[]]></system-out>
  <system-err><![CDATA[]]></system-err>
</testsuite>
